Using pre-set license
Built from '2020.3/release' branch; Version is '2020.3.7f1 (dd97f2c94397) revision 14522354'; Using compiler version '192528614'; Build Type 'Release'
OS: 'Windows 10 Pro; OS build 19042.1110; Version 2009; 64bit' Language: 'en' Physical Memory: 8132 MB
BatchMode: 1, IsHumanControllingUs: 0, StartBugReporterOnCrash: 0, Is64bit: 1, IsPro: 0

 COMMAND LINE ARGUMENTS:
G:\UnityInstallation\2020.3.7f1\Editor\Unity.exe
-adb2
-batchMode
-noUpm
-name
AssetImportWorker1
-projectPath
D:/UNITY_PROJECTS/2021/JULY21/Programming-Theory-Repo/Programming Theory Project
-logFile
Logs/AssetImportWorker1.log
-srvPort
57052
Successfully changed project path to: D:/UNITY_PROJECTS/2021/JULY21/Programming-Theory-Repo/Programming Theory Project
D:/UNITY_PROJECTS/2021/JULY21/Programming-Theory-Repo/Programming Theory Project
Using Asset Import Pipeline V2.
Refreshing native plugins compatible for Editor in 51.69 ms, found 0 plugins.
Preloading 0 native plugins for Editor in 0.00 ms.
Initialize engine version: 2020.3.7f1 (dd97f2c94397)
[Subsystems] Discovering subsystems at path G:/UnityInstallation/2020.3.7f1/Editor/Data/Resources/UnitySubsystems
[Subsystems] Discovering subsystems at path D:/UNITY_PROJECTS/2021/JULY21/Programming-Theory-Repo/Programming Theory Project/Assets
GfxDevice: creating device client; threaded=0
Direct3D:
    Version:  Direct3D 11.0 [level 11.1]
    Renderer: NVIDIA GeForce GTX 970 (ID=0x13c2)
    Vendor:   
    VRAM:     4043 MB
    Driver:   27.21.14.6611
Shader 'Universal Render Pipeline/Particles/Lit': fallback shader 'Universal Render Pipeline/Particles/SimpleLit' not found
Initialize mono
Mono path[0] = 'G:/UnityInstallation/2020.3.7f1/Editor/Data/Managed'
Mono path[1] = 'G:/UnityInstallation/2020.3.7f1/Editor/Data/MonoBleedingEdge/lib/mono/unityjit'
Mono config path = 'G:/UnityInstallation/2020.3.7f1/Editor/Data/MonoBleedingEdge/etc'
Using monoOptions --debugger-agent=transport=dt_socket,embedding=1,server=y,suspend=n,address=127.0.0.1:56712
Begin MonoManager ReloadAssembly
Registering precompiled unity dll's ...
Register platform support module: G:/UnityInstallation/2020.3.7f1/Editor/Data/PlaybackEngines/WebGLSupport/UnityEditor.WebGL.Extensions.dll
Register platform support module: G:/UnityInstallation/2020.3.7f1/Editor/Data/PlaybackEngines/WindowsStandaloneSupport/UnityEditor.WindowsStandalone.Extensions.dll
Registered in 0.001461 seconds.
Native extension for WindowsStandalone target not found
Native extension for WebGL target not found
Refreshing native plugins compatible for Editor in 65.10 ms, found 0 plugins.
Preloading 0 native plugins for Editor in 0.00 ms.
Mono: successfully reloaded assembly
- Completed reload, in  6.735 seconds
Platform modules already initialized, skipping
Registering precompiled user dll's ...
Registered in 0.001284 seconds.
Begin MonoManager ReloadAssembly
Native extension for WindowsStandalone target not found
Native extension for WebGL target not found
Refreshing native plugins compatible for Editor in 53.34 ms, found 0 plugins.
Preloading 0 native plugins for Editor in 0.00 ms.
Mono: successfully reloaded assembly
- Completed reload, in  1.139 seconds
Platform modules already initialized, skipping
========================================================================
Worker process is ready to serve import requests
Shader 'Universal Render Pipeline/Particles/Lit': fallback shader 'Universal Render Pipeline/Particles/SimpleLit' not found
Launched and connected shader compiler UnityShaderCompiler.exe after 0.21 seconds
Refreshing native plugins compatible for Editor in 0.40 ms, found 0 plugins.
Preloading 0 native plugins for Editor in 0.00 ms.
Unloading 2419 Unused Serialized files (Serialized files now loaded: 0)
System memory in use before: 115.5 MB.
System memory in use after: 115.7 MB.

Unloading 11 unused Assets to reduce memory usage. Loaded Objects now: 2864.
Total: 2.676800 ms (FindLiveObjects: 0.580400 ms CreateObjectMapping: 0.201000 ms MarkObjects: 1.809300 ms  DeleteObjects: 0.084200 ms)

========================================================================
Received Import Request.
  path: Assets/Unity Asset Unlocks - Backyard/BackyardEnvironment.prefab
  artifactKey: Guid(71fc23a5321ff3041ab799a7641bc170) Importer(815301076,1909f56bfc062723c751e8b465ee728b)
Start importing Assets/Unity Asset Unlocks - Backyard/BackyardEnvironment.prefab using Guid(71fc23a5321ff3041ab799a7641bc170) Importer(815301076,1909f56bfc062723c751e8b465ee728b)  -> (artifact id: 'a8806830d783f2fa9cc8836ef9390c59') in 0.810704 seconds
  Import took 0.816924 seconds .

========================================================================
Received Import Request.
  Time since last request: 0.000218 seconds.
  path: Assets/Unity Asset Unlocks - Backyard/Character.prefab
  artifactKey: Guid(6ca000ead671ebe449deb210e0a19be8) Importer(815301076,1909f56bfc062723c751e8b465ee728b)
Start importing Assets/Unity Asset Unlocks - Backyard/Character.prefab using Guid(6ca000ead671ebe449deb210e0a19be8) Importer(815301076,1909f56bfc062723c751e8b465ee728b)  -> (artifact id: 'dfed8fae5bcd4cc99aa24f2f9ef62334') in 0.045457 seconds
  Import took 0.050499 seconds .

========================================================================
Received Prepare
Registering precompiled user dll's ...
Registered in 0.001847 seconds.
Begin MonoManager ReloadAssembly
Native extension for WindowsStandalone target not found
Native extension for WebGL target not found
Refreshing native plugins compatible for Editor in 0.51 ms, found 0 plugins.
Preloading 0 native plugins for Editor in 0.00 ms.
Mono: successfully reloaded assembly
- Completed reload, in  1.163 seconds
Platform modules already initialized, skipping
Shader 'Universal Render Pipeline/Particles/Lit': fallback shader 'Universal Render Pipeline/Particles/SimpleLit' not found
Refreshing native plugins compatible for Editor in 0.41 ms, found 0 plugins.
Preloading 0 native plugins for Editor in 0.00 ms.
Unloading 2311 Unused Serialized files (Serialized files now loaded: 0)
System memory in use before: 114.0 MB.
System memory in use after: 114.2 MB.

Unloading 6 unused Assets to reduce memory usage. Loaded Objects now: 2914.
Total: 6.568000 ms (FindLiveObjects: 2.804600 ms CreateObjectMapping: 0.555200 ms MarkObjects: 3.134900 ms  DeleteObjects: 0.071700 ms)

========================================================================
Received Prepare
Registering precompiled user dll's ...
Registered in 0.001137 seconds.
Begin MonoManager ReloadAssembly
Native extension for WindowsStandalone target not found
Native extension for WebGL target not found
Refreshing native plugins compatible for Editor in 0.52 ms, found 0 plugins.
Preloading 0 native plugins for Editor in 0.00 ms.
Mono: successfully reloaded assembly
- Completed reload, in  1.876 seconds
Platform modules already initialized, skipping
Shader 'Universal Render Pipeline/Particles/Lit': fallback shader 'Universal Render Pipeline/Particles/SimpleLit' not found
Refreshing native plugins compatible for Editor in 0.52 ms, found 0 plugins.
Preloading 0 native plugins for Editor in 0.00 ms.
Unloading 2311 Unused Serialized files (Serialized files now loaded: 0)
System memory in use before: 114.0 MB.
System memory in use after: 114.2 MB.

Unloading 6 unused Assets to reduce memory usage. Loaded Objects now: 2917.
Total: 4.585300 ms (FindLiveObjects: 0.374000 ms CreateObjectMapping: 0.201000 ms MarkObjects: 3.939200 ms  DeleteObjects: 0.068300 ms)

========================================================================
Received Import Request.
  Time since last request: 448.619865 seconds.
  path: Assets/Unity Asset Unlocks - Backyard/Prefab/Bar_72in_BY001.prefab
  artifactKey: Guid(a2e9a7443737dae42ac0ad35bfd68a89) Importer(815301076,1909f56bfc062723c751e8b465ee728b)
Start importing Assets/Unity Asset Unlocks - Backyard/Prefab/Bar_72in_BY001.prefab using Guid(a2e9a7443737dae42ac0ad35bfd68a89) Importer(815301076,1909f56bfc062723c751e8b465ee728b)  -> (artifact id: 'f9a1f78c68ccc5391e16a2a22087f4dc') in 0.176571 seconds
  Import took 0.181649 seconds .

========================================================================
Received Import Request.
  Time since last request: 0.000289 seconds.
  path: Assets/Unity Asset Unlocks - Backyard/Prefab/Chair_34in_BY001.prefab
  artifactKey: Guid(8d921d965a0240d4f88f5660fcf9f2b6) Importer(815301076,1909f56bfc062723c751e8b465ee728b)
Start importing Assets/Unity Asset Unlocks - Backyard/Prefab/Chair_34in_BY001.prefab using Guid(8d921d965a0240d4f88f5660fcf9f2b6) Importer(815301076,1909f56bfc062723c751e8b465ee728b)  -> (artifact id: '057a7a1b390ef30264fa09d75c172d25') in 0.032891 seconds
  Import took 0.037688 seconds .

========================================================================
Received Import Request.
  Time since last request: 0.000366 seconds.
  path: Assets/Unity Asset Unlocks - Backyard/Prefab/CoffeeTable_48in_BY001.prefab
  artifactKey: Guid(3017a300061e0614bb6b5e2db02ae7ad) Importer(815301076,1909f56bfc062723c751e8b465ee728b)
Start importing Assets/Unity Asset Unlocks - Backyard/Prefab/CoffeeTable_48in_BY001.prefab using Guid(3017a300061e0614bb6b5e2db02ae7ad) Importer(815301076,1909f56bfc062723c751e8b465ee728b)  -> (artifact id: 'ca2ea11489d707125b27e01df95792c6') in 0.025920 seconds
  Import took 0.032435 seconds .

========================================================================
Received Import Request.
  Time since last request: 0.000266 seconds.
  path: Assets/Unity Asset Unlocks - Backyard/Prefab/Chair_34in_BY001.prefab
  artifactKey: Guid(8d921d965a0240d4f88f5660fcf9f2b6) Importer(815301076,1909f56bfc062723c751e8b465ee728b)
Start importing Assets/Unity Asset Unlocks - Backyard/Prefab/Chair_34in_BY001.prefab using Guid(8d921d965a0240d4f88f5660fcf9f2b6) Importer(815301076,1909f56bfc062723c751e8b465ee728b)  -> (artifact id: '057a7a1b390ef30264fa09d75c172d25') in 0.026090 seconds
  Import took 0.038218 seconds .

========================================================================
Received Import Request.
  Time since last request: 0.000261 seconds.
  path: Assets/Unity Asset Unlocks - Backyard/Prefab/Couch_Patio_67in_BY001.prefab
  artifactKey: Guid(ac0234e040255524fa51d7550a386666) Importer(815301076,1909f56bfc062723c751e8b465ee728b)
Start importing Assets/Unity Asset Unlocks - Backyard/Prefab/Couch_Patio_67in_BY001.prefab using Guid(ac0234e040255524fa51d7550a386666) Importer(815301076,1909f56bfc062723c751e8b465ee728b)  -> (artifact id: '774c303b6b9c3bb2d11cb185168a6885') in 0.046009 seconds
  Import took 0.050595 seconds .

========================================================================
Received Import Request.
  Time since last request: 0.000179 seconds.
  path: Assets/Unity Asset Unlocks - Backyard/Prefab/Chair_Adirondack_36in_BY001.prefab
  artifactKey: Guid(bea4a4fbff7ecaa42a8368839e98dd3e) Importer(815301076,1909f56bfc062723c751e8b465ee728b)
Start importing Assets/Unity Asset Unlocks - Backyard/Prefab/Chair_Adirondack_36in_BY001.prefab using Guid(bea4a4fbff7ecaa42a8368839e98dd3e) Importer(815301076,1909f56bfc062723c751e8b465ee728b)  -> (artifact id: 'ae21308b779188b188f3e81f9e46d13c') in 0.025247 seconds
  Import took 0.030611 seconds .

========================================================================
Received Import Request.
  Time since last request: 0.000224 seconds.
  path: Assets/Unity Asset Unlocks - Backyard/Prefab/Fence_DogEar_2ft_BY001.prefab
  artifactKey: Guid(8ddd8c558b1a5e9408bf114362304e85) Importer(815301076,1909f56bfc062723c751e8b465ee728b)
Start importing Assets/Unity Asset Unlocks - Backyard/Prefab/Fence_DogEar_2ft_BY001.prefab using Guid(8ddd8c558b1a5e9408bf114362304e85) Importer(815301076,1909f56bfc062723c751e8b465ee728b)  -> (artifact id: '3179b96b94efead664f04109e6a5bb77') in 0.026368 seconds
  Import took 0.034987 seconds .

========================================================================
Received Import Request.
  Time since last request: 0.000169 seconds.
  path: Assets/Unity Asset Unlocks - Backyard/Prefab/Chair_Adirondack_36in_BY001.prefab
  artifactKey: Guid(bea4a4fbff7ecaa42a8368839e98dd3e) Importer(815301076,1909f56bfc062723c751e8b465ee728b)
Start importing Assets/Unity Asset Unlocks - Backyard/Prefab/Chair_Adirondack_36in_BY001.prefab using Guid(bea4a4fbff7ecaa42a8368839e98dd3e) Importer(815301076,1909f56bfc062723c751e8b465ee728b)  -> (artifact id: 'ae21308b779188b188f3e81f9e46d13c') in 0.018114 seconds
  Import took 0.023927 seconds .

========================================================================
Received Import Request.
  Time since last request: 0.000059 seconds.
  path: Assets/Unity Asset Unlocks - Backyard/Prefab/Fence_DogEar_3ft_BY001.prefab
  artifactKey: Guid(48b3a252aee696846a047d88216a9294) Importer(815301076,1909f56bfc062723c751e8b465ee728b)
Start importing Assets/Unity Asset Unlocks - Backyard/Prefab/Fence_DogEar_3ft_BY001.prefab using Guid(48b3a252aee696846a047d88216a9294) Importer(815301076,1909f56bfc062723c751e8b465ee728b)  -> (artifact id: '7bba4bb2ee55984973b900710f9ccbb0') in 0.036372 seconds
  Import took 0.042059 seconds .

========================================================================
Received Import Request.
  Time since last request: 0.000216 seconds.
  path: Assets/Unity Asset Unlocks - Backyard/Prefab/Chair_Patio_34in_BY001.prefab
  artifactKey: Guid(3bbf1eb0356a7fc4bb12e2e2aff17bb6) Importer(815301076,1909f56bfc062723c751e8b465ee728b)
Start importing Assets/Unity Asset Unlocks - Backyard/Prefab/Chair_Patio_34in_BY001.prefab using Guid(3bbf1eb0356a7fc4bb12e2e2aff17bb6) Importer(815301076,1909f56bfc062723c751e8b465ee728b)  -> (artifact id: 'ba020668519c60a37e5aad66c2078ab1') in 0.020250 seconds
  Import took 0.025805 seconds .

========================================================================
Received Import Request.
  Time since last request: 0.000284 seconds.
  path: Assets/Unity Asset Unlocks - Backyard/Prefab/Chair_Patio_34in_BY002.prefab
  artifactKey: Guid(b68cb06f098ea4e4ea0765b96f605803) Importer(815301076,1909f56bfc062723c751e8b465ee728b)
Start importing Assets/Unity Asset Unlocks - Backyard/Prefab/Chair_Patio_34in_BY002.prefab using Guid(b68cb06f098ea4e4ea0765b96f605803) Importer(815301076,1909f56bfc062723c751e8b465ee728b)  -> (artifact id: 'dc0e1f5d67ed8c65502f9af6b319d717') in 0.020975 seconds
  Import took 0.027862 seconds .

========================================================================
Received Import Request.
  Time since last request: 0.000252 seconds.
  path: Assets/Unity Asset Unlocks - Backyard/Prefab/Chair_Patio_34in_BY001.prefab
  artifactKey: Guid(3bbf1eb0356a7fc4bb12e2e2aff17bb6) Importer(815301076,1909f56bfc062723c751e8b465ee728b)
Start importing Assets/Unity Asset Unlocks - Backyard/Prefab/Chair_Patio_34in_BY001.prefab using Guid(3bbf1eb0356a7fc4bb12e2e2aff17bb6) Importer(815301076,1909f56bfc062723c751e8b465ee728b)  -> (artifact id: 'ba020668519c60a37e5aad66c2078ab1') in 0.016857 seconds
  Import took 0.024770 seconds .

========================================================================
Received Import Request.
  Time since last request: 0.000179 seconds.
  path: Assets/Unity Asset Unlocks - Backyard/Prefab/Fence_DogEar_6ft_BY001.prefab
  artifactKey: Guid(4263aa52d6bca844ebaaa71504b52023) Importer(815301076,1909f56bfc062723c751e8b465ee728b)
Start importing Assets/Unity Asset Unlocks - Backyard/Prefab/Fence_DogEar_6ft_BY001.prefab using Guid(4263aa52d6bca844ebaaa71504b52023) Importer(815301076,1909f56bfc062723c751e8b465ee728b)  -> (artifact id: 'fdd568e6ac92555b076e342c2ced89e6') in 0.024801 seconds
  Import took 0.029464 seconds .

========================================================================
Received Import Request.
  Time since last request: 0.000200 seconds.
  path: Assets/Unity Asset Unlocks - Backyard/Prefab/Farmhouse_BY001.prefab
  artifactKey: Guid(fae20370eef40cb4bbe3c191799c082c) Importer(815301076,1909f56bfc062723c751e8b465ee728b)
Start importing Assets/Unity Asset Unlocks - Backyard/Prefab/Farmhouse_BY001.prefab using Guid(fae20370eef40cb4bbe3c191799c082c) Importer(815301076,1909f56bfc062723c751e8b465ee728b)  -> (artifact id: 'bc449ec1de3095aeec2fe676d7518141') in 0.024317 seconds
  Import took 0.029691 seconds .

========================================================================
Received Import Request.
  Time since last request: 0.000841 seconds.
  path: Assets/Unity Asset Unlocks - Backyard/Prefab/Fence_DogEar_8ft_BY001.prefab
  artifactKey: Guid(fe8a65ee85ee58d4f88156542e3040f7) Importer(815301076,1909f56bfc062723c751e8b465ee728b)
Start importing Assets/Unity Asset Unlocks - Backyard/Prefab/Fence_DogEar_8ft_BY001.prefab using Guid(fe8a65ee85ee58d4f88156542e3040f7) Importer(815301076,1909f56bfc062723c751e8b465ee728b)  -> (artifact id: '7052b7fc1b6c2ff5235e9c22da1e037c') in 0.017449 seconds
  Import took 0.025452 seconds .

========================================================================
Received Import Request.
  Time since last request: 6.106330 seconds.
  path: Assets/Unity Asset Unlocks - Backyard/Prefab/Fence_DogEar_Gate_48in_BY001.prefab
  artifactKey: Guid(ad3b9e1a9eea5b84090075abe86e7353) Importer(815301076,1909f56bfc062723c751e8b465ee728b)
Start importing Assets/Unity Asset Unlocks - Backyard/Prefab/Fence_DogEar_Gate_48in_BY001.prefab using Guid(ad3b9e1a9eea5b84090075abe86e7353) Importer(815301076,1909f56bfc062723c751e8b465ee728b)  -> (artifact id: '8208a83abc9d46eabe84709b9346b69b') in 0.017302 seconds
  Import took 0.025088 seconds .

========================================================================
Received Import Request.
  Time since last request: 2.141620 seconds.
  path: Assets/Unity Asset Unlocks - Backyard/Prefab/FirePit_32in_BY001.prefab
  artifactKey: Guid(e99199c67a86f99428096311aefd2130) Importer(815301076,1909f56bfc062723c751e8b465ee728b)
Start importing Assets/Unity Asset Unlocks - Backyard/Prefab/FirePit_32in_BY001.prefab using Guid(e99199c67a86f99428096311aefd2130) Importer(815301076,1909f56bfc062723c751e8b465ee728b)  -> (artifact id: '8036847fbc3ab4e79f4f329f9b44524e') in 0.015529 seconds
  Import took 0.022783 seconds .

========================================================================
Received Import Request.
  Time since last request: 0.068983 seconds.
  path: Assets/Unity Asset Unlocks - Backyard/Prefab/FirePit_42in_BY001.prefab
  artifactKey: Guid(a49b6676483bc104ab272cbab23f5247) Importer(815301076,1909f56bfc062723c751e8b465ee728b)
Start importing Assets/Unity Asset Unlocks - Backyard/Prefab/FirePit_42in_BY001.prefab using Guid(a49b6676483bc104ab272cbab23f5247) Importer(815301076,1909f56bfc062723c751e8b465ee728b)  -> (artifact id: 'b99f02bd5a09271c2a95e7e361a158ef') in 0.013424 seconds
  Import took 0.019015 seconds .

========================================================================
Received Import Request.
  Time since last request: 1.097499 seconds.
  path: Assets/Unity Asset Unlocks - Backyard/Prefab/Flagstone_3in_BY001.prefab
  artifactKey: Guid(332ac4862cf10f14d807d61068a9a3e4) Importer(815301076,1909f56bfc062723c751e8b465ee728b)
Start importing Assets/Unity Asset Unlocks - Backyard/Prefab/Flagstone_3in_BY001.prefab using Guid(332ac4862cf10f14d807d61068a9a3e4) Importer(815301076,1909f56bfc062723c751e8b465ee728b)  -> (artifact id: '65e849ffa6f5f19fdc8691c8de7ae0bb') in 0.013058 seconds
  Import took 0.018122 seconds .

========================================================================
Received Import Request.
  Time since last request: 0.031039 seconds.
  path: Assets/Unity Asset Unlocks - Backyard/Prefab/Flagstone_3in_BY002.prefab
  artifactKey: Guid(9db660db52666c940a3f1c47437682d5) Importer(815301076,1909f56bfc062723c751e8b465ee728b)
Start importing Assets/Unity Asset Unlocks - Backyard/Prefab/Flagstone_3in_BY002.prefab using Guid(9db660db52666c940a3f1c47437682d5) Importer(815301076,1909f56bfc062723c751e8b465ee728b)  -> (artifact id: 'a6bf566a5d8c7d6d35a28dbd9a534b9c') in 0.015444 seconds
  Import took 0.021812 seconds .

========================================================================
Received Import Request.
  Time since last request: 0.823383 seconds.
  path: Assets/Unity Asset Unlocks - Backyard/Prefab/Flagstone_3in_BY003.prefab
  artifactKey: Guid(a2f0508f553971e488acd8441505493d) Importer(815301076,1909f56bfc062723c751e8b465ee728b)
Start importing Assets/Unity Asset Unlocks - Backyard/Prefab/Flagstone_3in_BY003.prefab using Guid(a2f0508f553971e488acd8441505493d) Importer(815301076,1909f56bfc062723c751e8b465ee728b)  -> (artifact id: 'a61e655151505451dd5547f10c4836a6') in 0.014792 seconds
  Import took 0.021025 seconds .

========================================================================
Received Import Request.
  Time since last request: 0.000149 seconds.
  path: Assets/Unity Asset Unlocks - Backyard/Prefab/Flagstone_4in_BY001.prefab
  artifactKey: Guid(10e340fb8059e514ea7ee93359c8ceb4) Importer(815301076,1909f56bfc062723c751e8b465ee728b)
Start importing Assets/Unity Asset Unlocks - Backyard/Prefab/Flagstone_4in_BY001.prefab using Guid(10e340fb8059e514ea7ee93359c8ceb4) Importer(815301076,1909f56bfc062723c751e8b465ee728b)  -> (artifact id: '23cc026f5d7a3f86f9a8eb91977f7382') in 0.014699 seconds
  Import took 0.021411 seconds .

========================================================================
Received Import Request.
  Time since last request: 0.000689 seconds.
  path: Assets/Unity Asset Unlocks - Backyard/Prefab/Flagstone_4in_BY002.prefab
  artifactKey: Guid(010df05ec10185c46a5338be2f6529d0) Importer(815301076,1909f56bfc062723c751e8b465ee728b)
Start importing Assets/Unity Asset Unlocks - Backyard/Prefab/Flagstone_4in_BY002.prefab using Guid(010df05ec10185c46a5338be2f6529d0) Importer(815301076,1909f56bfc062723c751e8b465ee728b)  -> (artifact id: '41ca3e9a6007a1ec05ea9f39d8cc8031') in 0.015853 seconds
  Import took 0.020949 seconds .

========================================================================
Received Import Request.
  Time since last request: 0.000188 seconds.
  path: Assets/Unity Asset Unlocks - Backyard/Prefab/Flagstone_3in_BY003.prefab
  artifactKey: Guid(a2f0508f553971e488acd8441505493d) Importer(815301076,1909f56bfc062723c751e8b465ee728b)
Start importing Assets/Unity Asset Unlocks - Backyard/Prefab/Flagstone_3in_BY003.prefab using Guid(a2f0508f553971e488acd8441505493d) Importer(815301076,1909f56bfc062723c751e8b465ee728b)  -> (artifact id: 'a61e655151505451dd5547f10c4836a6') in 0.008867 seconds
  Import took 0.013121 seconds .

========================================================================
Received Import Request.
  Time since last request: 0.000197 seconds.
  path: Assets/Unity Asset Unlocks - Backyard/Prefab/Flagstone_3in_BY004.prefab
  artifactKey: Guid(e1c50083f78486946a0703d942b10cea) Importer(815301076,1909f56bfc062723c751e8b465ee728b)
Start importing Assets/Unity Asset Unlocks - Backyard/Prefab/Flagstone_3in_BY004.prefab using Guid(e1c50083f78486946a0703d942b10cea) Importer(815301076,1909f56bfc062723c751e8b465ee728b)  -> (artifact id: '256ff5a3fa855e8beb1faa1129cba245') in 0.016393 seconds
  Import took 0.026008 seconds .

========================================================================
Received Import Request.
  Time since last request: 0.000183 seconds.
  path: Assets/Unity Asset Unlocks - Backyard/Prefab/Grill_54in_BY001.prefab
  artifactKey: Guid(5190fbab6823c1644a54e9d5022d3dd3) Importer(815301076,1909f56bfc062723c751e8b465ee728b)
Start importing Assets/Unity Asset Unlocks - Backyard/Prefab/Grill_54in_BY001.prefab using Guid(5190fbab6823c1644a54e9d5022d3dd3) Importer(815301076,1909f56bfc062723c751e8b465ee728b)  -> (artifact id: '4cdcbb3f0e9ccadbec1fb3c5ed8efdc1') in 0.016291 seconds
  Import took 0.021881 seconds .

========================================================================
Received Import Request.
  Time since last request: 0.000932 seconds.
  path: Assets/Unity Asset Unlocks - Backyard/Prefab/Grill_54in_BY001.prefab
  artifactKey: Guid(5190fbab6823c1644a54e9d5022d3dd3) Importer(815301076,1909f56bfc062723c751e8b465ee728b)
Start importing Assets/Unity Asset Unlocks - Backyard/Prefab/Grill_54in_BY001.prefab using Guid(5190fbab6823c1644a54e9d5022d3dd3) Importer(815301076,1909f56bfc062723c751e8b465ee728b)  -> (artifact id: '4cdcbb3f0e9ccadbec1fb3c5ed8efdc1') in 0.008944 seconds
  Import took 0.013491 seconds .

========================================================================
Received Import Request.
  Time since last request: 5.460143 seconds.
  path: Assets/Unity Asset Unlocks - Backyard/Prefab/Loveseat_Patio_49in_BY001.prefab
  artifactKey: Guid(69161f3b61beb204992b6ebf9a41802f) Importer(815301076,1909f56bfc062723c751e8b465ee728b)
Start importing Assets/Unity Asset Unlocks - Backyard/Prefab/Loveseat_Patio_49in_BY001.prefab using Guid(69161f3b61beb204992b6ebf9a41802f) Importer(815301076,1909f56bfc062723c751e8b465ee728b)  -> (artifact id: '1abbcc31558714a8b6e044d859629300') in 0.017076 seconds
  Import took 0.023265 seconds .

========================================================================
Received Import Request.
  Time since last request: 0.000278 seconds.
  path: Assets/Unity Asset Unlocks - Backyard/Prefab/PicnicTable_6ft_BY001.prefab
  artifactKey: Guid(c642b45e0cff2b943a977f6cbce21a21) Importer(815301076,1909f56bfc062723c751e8b465ee728b)
Start importing Assets/Unity Asset Unlocks - Backyard/Prefab/PicnicTable_6ft_BY001.prefab using Guid(c642b45e0cff2b943a977f6cbce21a21) Importer(815301076,1909f56bfc062723c751e8b465ee728b)  -> (artifact id: '315f2f0a3aa8b48727060802cd31603f') in 0.016449 seconds
  Import took 0.022396 seconds .

========================================================================
Received Import Request.
  Time since last request: 0.465358 seconds.
  path: Assets/Unity Asset Unlocks - Backyard/Prefab/Playset_Slide_BY001.prefab
  artifactKey: Guid(b4bcda5a493d7f34d9a0ee7834fbbdf1) Importer(815301076,1909f56bfc062723c751e8b465ee728b)
Start importing Assets/Unity Asset Unlocks - Backyard/Prefab/Playset_Slide_BY001.prefab using Guid(b4bcda5a493d7f34d9a0ee7834fbbdf1) Importer(815301076,1909f56bfc062723c751e8b465ee728b)  -> (artifact id: '7d256641390283c037d86b35786b9601') in 0.026281 seconds
  Import took 0.032524 seconds .

========================================================================
Received Import Request.
  Time since last request: 0.004482 seconds.
  path: Assets/Unity Asset Unlocks - Backyard/Prefab/Playset_Slide_BY001.prefab
  artifactKey: Guid(b4bcda5a493d7f34d9a0ee7834fbbdf1) Importer(815301076,1909f56bfc062723c751e8b465ee728b)
Start importing Assets/Unity Asset Unlocks - Backyard/Prefab/Playset_Slide_BY001.prefab using Guid(b4bcda5a493d7f34d9a0ee7834fbbdf1) Importer(815301076,1909f56bfc062723c751e8b465ee728b)  -> (artifact id: '7d256641390283c037d86b35786b9601') in 0.017281 seconds
  Import took 0.024869 seconds .

========================================================================
Received Import Request.
  Time since last request: 0.016491 seconds.
  path: Assets/Unity Asset Unlocks - Backyard/Prefab/Rockwall_21ft_BY001.prefab
  artifactKey: Guid(f4604e6f150d1174989502d2cd4140aa) Importer(815301076,1909f56bfc062723c751e8b465ee728b)
Start importing Assets/Unity Asset Unlocks - Backyard/Prefab/Rockwall_21ft_BY001.prefab using Guid(f4604e6f150d1174989502d2cd4140aa) Importer(815301076,1909f56bfc062723c751e8b465ee728b)  -> (artifact id: '03c8fc103d66be790ecfcfc84f749c88') in 0.035720 seconds
  Import took 0.042701 seconds .

========================================================================
Received Import Request.
  Time since last request: 0.000299 seconds.
  path: Assets/Unity Asset Unlocks - Backyard/Prefab/Table_PatioDining_67in_BY001.prefab
  artifactKey: Guid(8c1287baab1e2c94e93413efe0ea0a7c) Importer(815301076,1909f56bfc062723c751e8b465ee728b)
Start importing Assets/Unity Asset Unlocks - Backyard/Prefab/Table_PatioDining_67in_BY001.prefab using Guid(8c1287baab1e2c94e93413efe0ea0a7c) Importer(815301076,1909f56bfc062723c751e8b465ee728b)  -> (artifact id: '9f74ab4f63946a5ebc2d1648dba42f7d') in 0.026467 seconds
  Import took 0.033013 seconds .

========================================================================
Received Import Request.
  Time since last request: 0.000255 seconds.
  path: Assets/Unity Asset Unlocks - Backyard/Prefab/Table_30in_BY001.prefab
  artifactKey: Guid(c49f51d30c69c8d4c931d22727685437) Importer(815301076,1909f56bfc062723c751e8b465ee728b)
Start importing Assets/Unity Asset Unlocks - Backyard/Prefab/Table_30in_BY001.prefab using Guid(c49f51d30c69c8d4c931d22727685437) Importer(815301076,1909f56bfc062723c751e8b465ee728b)  -> (artifact id: 'b617a1f2bc8cdf33567c0f7fc0fa3f92') in 0.019000 seconds
  Import took 0.024951 seconds .

========================================================================
Received Import Request.
  Time since last request: 0.000189 seconds.
  path: Assets/Unity Asset Unlocks - Backyard/Prefab/Tree_30ft_BY001.prefab
  artifactKey: Guid(086a7f85a162826419325a5b9ce8fb85) Importer(815301076,1909f56bfc062723c751e8b465ee728b)
Start importing Assets/Unity Asset Unlocks - Backyard/Prefab/Tree_30ft_BY001.prefab using Guid(086a7f85a162826419325a5b9ce8fb85) Importer(815301076,1909f56bfc062723c751e8b465ee728b)  -> (artifact id: '9cc21bb6f18ccfa9540fedd8ea4368b0') in 0.020605 seconds
  Import took 0.026852 seconds .

========================================================================
Received Import Request.
  Time since last request: 0.876036 seconds.
  path: Assets/Unity Asset Unlocks - Backyard/Prefab/Umbrella_7ft_BY001.prefab
  artifactKey: Guid(3fdf3e7354b87fb4fabef2bf02e53367) Importer(815301076,1909f56bfc062723c751e8b465ee728b)
Start importing Assets/Unity Asset Unlocks - Backyard/Prefab/Umbrella_7ft_BY001.prefab using Guid(3fdf3e7354b87fb4fabef2bf02e53367) Importer(815301076,1909f56bfc062723c751e8b465ee728b)  -> (artifact id: 'ad60fc98fb6c1c6e6aeee5176ac0b919') in 0.016212 seconds
  Import took 0.024094 seconds .

========================================================================
Received Import Request.
  Time since last request: 0.000313 seconds.
  path: Assets/Unity Asset Unlocks - Backyard/Prefab/Umbrella_9ft_BY001.prefab
  artifactKey: Guid(a2d4fce2696307c49bb0d0b0e39007e6) Importer(815301076,1909f56bfc062723c751e8b465ee728b)
Start importing Assets/Unity Asset Unlocks - Backyard/Prefab/Umbrella_9ft_BY001.prefab using Guid(a2d4fce2696307c49bb0d0b0e39007e6) Importer(815301076,1909f56bfc062723c751e8b465ee728b)  -> (artifact id: '37dae142fdbab079f547c8f8e11a7a4f') in 0.017082 seconds
  Import took 0.022682 seconds .

========================================================================
Received Import Request.
  Time since last request: 0.000284 seconds.
  path: Assets/Unity Asset Unlocks - Backyard/Prefab/Umbrella_7ft_BY001.prefab
  artifactKey: Guid(3fdf3e7354b87fb4fabef2bf02e53367) Importer(815301076,1909f56bfc062723c751e8b465ee728b)
Start importing Assets/Unity Asset Unlocks - Backyard/Prefab/Umbrella_7ft_BY001.prefab using Guid(3fdf3e7354b87fb4fabef2bf02e53367) Importer(815301076,1909f56bfc062723c751e8b465ee728b)  -> (artifact id: 'ad60fc98fb6c1c6e6aeee5176ac0b919') in 0.011630 seconds
  Import took 0.018271 seconds .

========================================================================
Received Import Request.
  Time since last request: 0.001305 seconds.
  path: Assets/Unity Asset Unlocks - Backyard/Prefab/Umbrella_9ft_BY001.prefab
  artifactKey: Guid(a2d4fce2696307c49bb0d0b0e39007e6) Importer(815301076,1909f56bfc062723c751e8b465ee728b)
Start importing Assets/Unity Asset Unlocks - Backyard/Prefab/Umbrella_9ft_BY001.prefab using Guid(a2d4fce2696307c49bb0d0b0e39007e6) Importer(815301076,1909f56bfc062723c751e8b465ee728b)  -> (artifact id: '37dae142fdbab079f547c8f8e11a7a4f') in 0.010055 seconds
  Import took 0.014316 seconds .

========================================================================
Received Prepare
Registering precompiled user dll's ...
Registered in 0.001158 seconds.
Begin MonoManager ReloadAssembly
Native extension for WindowsStandalone target not found
Native extension for WebGL target not found
Refreshing native plugins compatible for Editor in 0.43 ms, found 0 plugins.
Preloading 0 native plugins for Editor in 0.00 ms.
Mono: successfully reloaded assembly
- Completed reload, in  0.974 seconds
Platform modules already initialized, skipping
Shader 'Universal Render Pipeline/Particles/Lit': fallback shader 'Universal Render Pipeline/Particles/SimpleLit' not found
Refreshing native plugins compatible for Editor in 0.47 ms, found 0 plugins.
Preloading 0 native plugins for Editor in 0.00 ms.
Unloading 2311 Unused Serialized files (Serialized files now loaded: 0)
System memory in use before: 114.2 MB.
System memory in use after: 114.4 MB.

Unloading 6 unused Assets to reduce memory usage. Loaded Objects now: 2956.
Total: 3.861100 ms (FindLiveObjects: 0.354100 ms CreateObjectMapping: 0.165800 ms MarkObjects: 3.261300 ms  DeleteObjects: 0.078300 ms)

